24-10-2024 19:59:58.864 [Gauge] [DEBUG] Created gauge_screenshots_dir at C:\Users\bugra\OneDrive\Desktop\Bilyoner_UI_Automation\.gauge\screenshots
24-10-2024 19:59:58.879 [Gauge] [DEBUG] Plugin java is already installed.
24-10-2024 19:59:58.894 [Gauge] [DEBUG] Plugin html-report is already installed.
24-10-2024 19:59:58.896 [Gauge] [DEBUG] Parsing started.
24-10-2024 19:59:58.896 [Gauge] [DEBUG] Started concepts parsing.
24-10-2024 19:59:58.913 [Gauge] [DEBUG] 0 concepts parsing completed.
24-10-2024 19:59:58.913 [Gauge] [DEBUG] Started specifications parsing.
24-10-2024 19:59:58.914 [Gauge] [DEBUG] 1 specifications parsing completed.
24-10-2024 19:59:58.915 [Gauge] [DEBUG] Parsing completed.
24-10-2024 19:59:59.294 [java] [DEBUG] ***** Printing Properties/Env Values *****
24-10-2024 19:59:59.295 [java] [DEBUG] PATH: C:\Program Files (x86)\Common Files\Oracle\Java\java8path;C:\Program Files (x86)\Common Files\Oracle\Java\javapath;C:\WINDOWS\system32;C:\WINDOWS;C:\WINDOWS\System32\Wbem;C:\WINDOWS\System32\WindowsPowerShell\v1.0\;C:\WINDOWS\System32\OpenSSH\;C:\Program Files\Cloudflare\Cloudflare WARP\;C:\Program Files\nodejs\;C:\Program Files\Gauge\bin;C:\Program Files\Git\cmd;C:\Program Files\Java\jdk-23;C:\Users\bugra\AppData\Local\Android\Sdk;C:\Users\bugra\AppData\Local\Android\Sdk\tools;C:\Users\bugra\AppData\Local\Android\Sdk\platform-tools;C:\Users\bugra\AppData\Local\Microsoft\WindowsApps;C:\Users\bugra\AppData\Local\Programs\Microsoft VS Code\bin;C:\Users\bugra\AppData\Roaming\npm;C:\Program Files\JetBrains\IntelliJ IDEA Community Edition 2024.2.3\bin;;C:\Program Files\apache-maven-3.9.9\bin;;C:\Users\bugra\AppData\Roaming\gauge\plugins\screenshot\0.3.0
24-10-2024 19:59:59.295 [java] [DEBUG] JAVA_HOME: C:\Program Files\Java\jdk-23
24-10-2024 19:59:59.295 [java] [DEBUG] gauge_project_root: C:\Users\bugra\OneDrive\Desktop\Bilyoner_UI_Automation
24-10-2024 19:59:59.295 [java] [DEBUG] gauge_parallel_streams_count: 12
24-10-2024 19:59:59.295 [java] [DEBUG] gauge_reports_dir: reports
24-10-2024 19:59:59.295 [java] [DEBUG] overwrite_reports: true
24-10-2024 19:59:59.295 [java] [DEBUG] logs_directory: logs
24-10-2024 19:59:59.295 [java] [DEBUG] enable_multithreading: 
24-10-2024 19:59:59.295 [java] [DEBUG] gauge_specs_dir: specs
24-10-2024 19:59:59.295 [java] [DEBUG] csv_delimiter: ,
24-10-2024 19:59:59.295 [java] [DEBUG] gauge_java_home: 
24-10-2024 19:59:59.295 [java] [DEBUG] gauge_custom_build_path: 
24-10-2024 19:59:59.295 [java] [DEBUG] gauge_additional_libs: libs/*
24-10-2024 19:59:59.295 [java] [DEBUG] gauge_jvm_args: 
24-10-2024 19:59:59.295 [java] [DEBUG] gauge_custom_compile_dir: 
24-10-2024 19:59:59.295 [java] [DEBUG] gauge_clear_state_level: scenario
24-10-2024 19:59:59.295 [java] [DEBUG] ***** END *****
24-10-2024 19:59:59.727 [Gauge] [DEBUG] Checking updates...
24-10-2024 19:59:59.729 [Gauge] [DEBUG] Downloading https://downloads.gauge.org/plugin/html-report?l=java&p=html-report,java,screenshot&o=windows&a=amd64
24-10-2024 20:00:00.177 [Gauge] [DEBUG] Downloading https://downloads.gauge.org/plugin/java?l=java&p=html-report,java,screenshot&o=windows&a=amd64
24-10-2024 20:00:00.395 [Gauge] [DEBUG] Downloading https://downloads.gauge.org/plugin/screenshot?l=java&p=html-report,java,screenshot&o=windows&a=amd64
24-10-2024 20:00:05.157 [java] [ERROR] Installed version of gauge-java (0.11.1) does not match with dependency gauge-java (0.7.15) specified in pom.xml file
24-10-2024 20:00:05.157 [java] [DEBUG] classpath set to C:\Users\bugra\.jdks\corretto-18.0.2!\java.base;C:\Users\bugra\.jdks\corretto-18.0.2!\java.compiler;C:\Users\bugra\.jdks\corretto-18.0.2!\java.datatransfer;C:\Users\bugra\.jdks\corretto-18.0.2!\java.desktop;C:\Users\bugra\.jdks\corretto-18.0.2!\java.instrument;C:\Users\bugra\.jdks\corretto-18.0.2!\java.logging;C:\Users\bugra\.jdks\corretto-18.0.2!\java.management;C:\Users\bugra\.jdks\corretto-18.0.2!\java.management.rmi;C:\Users\bugra\.jdks\corretto-18.0.2!\java.naming;C:\Users\bugra\.jdks\corretto-18.0.2!\java.net.http;C:\Users\bugra\.jdks\corretto-18.0.2!\java.prefs;C:\Users\bugra\.jdks\corretto-18.0.2!\java.rmi;C:\Users\bugra\.jdks\corretto-18.0.2!\java.scripting;C:\Users\bugra\.jdks\corretto-18.0.2!\java.se;C:\Users\bugra\.jdks\corretto-18.0.2!\java.security.jgss;C:\Users\bugra\.jdks\corretto-18.0.2!\java.security.sasl;C:\Users\bugra\.jdks\corretto-18.0.2!\java.smartcardio;C:\Users\bugra\.jdks\corretto-18.0.2!\java.sql;C:\Users\bugra\.jdks\corretto-18.0.2!\java.sql.rowset;C:\Users\bugra\.jdks\corretto-18.0.2!\java.transaction.xa;C:\Users\bugra\.jdks\corretto-18.0.2!\java.xml;C:\Users\bugra\.jdks\corretto-18.0.2!\java.xml.crypto;C:\Users\bugra\.jdks\corretto-18.0.2!\jdk.accessibility;C:\Users\bugra\.jdks\corretto-18.0.2!\jdk.attach;C:\Users\bugra\.jdks\corretto-18.0.2!\jdk.charsets;C:\Users\bugra\.jdks\corretto-18.0.2!\jdk.compiler;C:\Users\bugra\.jdks\corretto-18.0.2!\jdk.crypto.cryptoki;C:\Users\bugra\.jdks\corretto-18.0.2!\jdk.crypto.ec;C:\Users\bugra\.jdks\corretto-18.0.2!\jdk.crypto.mscapi;C:\Users\bugra\.jdks\corretto-18.0.2!\jdk.dynalink;C:\Users\bugra\.jdks\corretto-18.0.2!\jdk.editpad;C:\Users\bugra\.jdks\corretto-18.0.2!\jdk.hotspot.agent;C:\Users\bugra\.jdks\corretto-18.0.2!\jdk.httpserver;C:\Users\bugra\.jdks\corretto-18.0.2!\jdk.incubator.foreign;C:\Users\bugra\.jdks\corretto-18.0.2!\jdk.incubator.vector;C:\Users\bugra\.jdks\corretto-18.0.2!\jdk.internal.ed;C:\Users\bugra\.jdks\corretto-18.0.2!\jdk.internal.jvmstat;C:\Users\bugra\.jdks\corretto-18.0.2!\jdk.internal.le;C:\Users\bugra\.jdks\corretto-18.0.2!\jdk.internal.opt;C:\Users\bugra\.jdks\corretto-18.0.2!\jdk.internal.vm.ci;C:\Users\bugra\.jdks\corretto-18.0.2!\jdk.internal.vm.compiler;C:\Users\bugra\.jdks\corretto-18.0.2!\jdk.internal.vm.compiler.management;C:\Users\bugra\.jdks\corretto-18.0.2!\jdk.jartool;C:\Users\bugra\.jdks\corretto-18.0.2!\jdk.javadoc;C:\Users\bugra\.jdks\corretto-18.0.2!\jdk.jcmd;C:\Users\bugra\.jdks\corretto-18.0.2!\jdk.jconsole;C:\Users\bugra\.jdks\corretto-18.0.2!\jdk.jdeps;C:\Users\bugra\.jdks\corretto-18.0.2!\jdk.jdi;C:\Users\bugra\.jdks\corretto-18.0.2!\jdk.jdwp.agent;C:\Users\bugra\.jdks\corretto-18.0.2!\jdk.jfr;C:\Users\bugra\.jdks\corretto-18.0.2!\jdk.jlink;C:\Users\bugra\.jdks\corretto-18.0.2!\jdk.jpackage;C:\Users\bugra\.jdks\corretto-18.0.2!\jdk.jshell;C:\Users\bugra\.jdks\corretto-18.0.2!\jdk.jsobject;C:\Users\bugra\.jdks\corretto-18.0.2!\jdk.jstatd;C:\Users\bugra\.jdks\corretto-18.0.2!\jdk.localedata;C:\Users\bugra\.jdks\corretto-18.0.2!\jdk.management;C:\Users\bugra\.jdks\corretto-18.0.2!\jdk.management.agent;C:\Users\bugra\.jdks\corretto-18.0.2!\jdk.management.jfr;C:\Users\bugra\.jdks\corretto-18.0.2!\jdk.naming.dns;C:\Users\bugra\.jdks\corretto-18.0.2!\jdk.naming.rmi;C:\Users\bugra\.jdks\corretto-18.0.2!\jdk.net;C:\Users\bugra\.jdks\corretto-18.0.2!\jdk.nio.mapmode;C:\Users\bugra\.jdks\corretto-18.0.2!\jdk.random;C:\Users\bugra\.jdks\corretto-18.0.2!\jdk.sctp;C:\Users\bugra\.jdks\corretto-18.0.2!\jdk.security.auth;C:\Users\bugra\.jdks\corretto-18.0.2!\jdk.security.jgss;C:\Users\bugra\.jdks\corretto-18.0.2!\jdk.unsupported;C:\Users\bugra\.jdks\corretto-18.0.2!\jdk.unsupported.desktop;C:\Users\bugra\.jdks\corretto-18.0.2!\jdk.xml.dom;C:\Users\bugra\.jdks\corretto-18.0.2!\jdk.zipfs;C:\Users\bugra\OneDrive\Desktop\Bilyoner_UI_Automation\target\test-classes;C:\Users\bugra\OneDrive\Desktop\Bilyoner_UI_Automation\target\classes;C:\Users\bugra\.m2\repository\com\thoughtworks\gauge\gauge-java\0.7.15\gauge-java-0.7.15.jar;C:\Users\bugra\.m2\repository\org\assertj\assertj-core\3.19.0\assertj-core-3.19.0.jar;C:\Users\bugra\.m2\repository\org\reflections\reflections\0.9.9\reflections-0.9.9.jar;C:\Users\bugra\.m2\repository\org\javassist\javassist\3.18.2-GA\javassist-3.18.2-GA.jar;C:\Users\bugra\.m2\repository\com\google\code\findbugs\annotations\2.0.1\annotations-2.0.1.jar;C:\Users\bugra\.m2\repository\com\github\javaparser\javaparser-core\3.16.3\javaparser-core-3.16.3.jar;C:\Users\bugra\.m2\repository\commons-io\commons-io\2.8.0\commons-io-2.8.0.jar;C:\Users\bugra\.m2\repository\commons-lang\commons-lang\2.6\commons-lang-2.6.jar;C:\Users\bugra\.m2\repository\org\json\json\20210307\json-20210307.jar;C:\Users\bugra\.m2\repository\com\google\protobuf\protobuf-java\3.15.8\protobuf-java-3.15.8.jar;C:\Users\bugra\.m2\repository\com\google\guava\guava\30.1.1-jre\guava-30.1.1-jre.jar;C:\Users\bugra\.m2\repository\com\google\guava\failureaccess\1.0.1\failureaccess-1.0.1.jar;C:\Users\bugra\.m2\repository\com\google\guava\listenablefuture\9999.0-empty-to-avoid-conflict-with-guava\listenablefuture-9999.0-empty-to-avoid-conflict-with-guava.jar;C:\Users\bugra\.m2\repository\com\google\code\findbugs\jsr305\3.0.2\jsr305-3.0.2.jar;C:\Users\bugra\.m2\repository\org\checkerframework\checker-qual\3.8.0\checker-qual-3.8.0.jar;C:\Users\bugra\.m2\repository\com\google\errorprone\error_prone_annotations\2.5.1\error_prone_annotations-2.5.1.jar;C:\Users\bugra\.m2\repository\com\google\j2objc\j2objc-annotations\1.3\j2objc-annotations-1.3.jar;C:\Users\bugra\.m2\repository\io\grpc\grpc-netty-shaded\1.37.0\grpc-netty-shaded-1.37.0.jar;C:\Users\bugra\.m2\repository\io\grpc\grpc-core\1.37.0\grpc-core-1.37.0.jar;C:\Users\bugra\.m2\repository\com\google\android\annotations\4.1.1.4\annotations-4.1.1.4.jar;C:\Users\bugra\.m2\repository\io\perfmark\perfmark-api\0.23.0\perfmark-api-0.23.0.jar;C:\Users\bugra\.m2\repository\io\grpc\grpc-protobuf\1.37.0\grpc-protobuf-1.37.0.jar;C:\Users\bugra\.m2\repository\io\grpc\grpc-api\1.37.0\grpc-api-1.37.0.jar;C:\Users\bugra\.m2\repository\io\grpc\grpc-context\1.37.0\grpc-context-1.37.0.jar;C:\Users\bugra\.m2\repository\com\google\api\grpc\proto-google-common-protos\2.0.1\proto-google-common-protos-2.0.1.jar;C:\Users\bugra\.m2\repository\io\grpc\grpc-protobuf-lite\1.37.0\grpc-protobuf-lite-1.37.0.jar;C:\Users\bugra\.m2\repository\org\codehaus\mojo\animal-sniffer-annotations\1.19\animal-sniffer-annotations-1.19.jar;C:\Users\bugra\.m2\repository\io\grpc\grpc-stub\1.37.0\grpc-stub-1.37.0.jar;C:\Users\bugra\.m2\repository\javax\annotation\javax.annotation-api\1.3.2\javax.annotation-api-1.3.2.jar;C:\Users\bugra\.m2\repository\junit\junit\4.12\junit-4.12.jar;C:\Users\bugra\.m2\repository\org\hamcrest\hamcrest-core\1.3\hamcrest-core-1.3.jar;C:\Users\bugra\.m2\repository\io\appium\java-client\7.3.0\java-client-7.3.0.jar;C:\Users\bugra\.m2\repository\org\seleniumhq\selenium\selenium-java\3.141.59\selenium-java-3.141.59.jar;C:\Users\bugra\.m2\repository\org\seleniumhq\selenium\selenium-chrome-driver\3.141.59\selenium-chrome-driver-3.141.59.jar;C:\Users\bugra\.m2\repository\org\seleniumhq\selenium\selenium-edge-driver\3.141.59\selenium-edge-driver-3.141.59.jar;C:\Users\bugra\.m2\repository\org\seleniumhq\selenium\selenium-firefox-driver\3.141.59\selenium-firefox-driver-3.141.59.jar;C:\Users\bugra\.m2\repository\org\seleniumhq\selenium\selenium-ie-driver\3.141.59\selenium-ie-driver-3.141.59.jar;C:\Users\bugra\.m2\repository\org\seleniumhq\selenium\selenium-opera-driver\3.141.59\selenium-opera-driver-3.141.59.jar;C:\Users\bugra\.m2\repository\org\seleniumhq\selenium\selenium-remote-driver\3.141.59\selenium-remote-driver-3.141.59.jar;C:\Users\bugra\.m2\repository\org\seleniumhq\selenium\selenium-safari-driver\3.141.59\selenium-safari-driver-3.141.59.jar;C:\Users\bugra\.m2\repository\net\bytebuddy\byte-buddy\1.8.15\byte-buddy-1.8.15.jar;C:\Users\bugra\.m2\repository\org\apache\commons\commons-exec\1.3\commons-exec-1.3.jar;C:\Users\bugra\.m2\repository\com\squareup\okhttp3\okhttp\3.11.0\okhttp-3.11.0.jar;C:\Users\bugra\.m2\repository\com\squareup\okio\okio\1.14.0\okio-1.14.0.jar;C:\Users\bugra\.m2\repository\org\seleniumhq\selenium\selenium-support\3.141.59\selenium-support-3.141.59.jar;C:\Users\bugra\.m2\repository\org\seleniumhq\selenium\selenium-api\3.141.59\selenium-api-3.141.59.jar;C:\Users\bugra\.m2\repository\com\google\code\gson\gson\2.8.5\gson-2.8.5.jar;C:\Users\bugra\.m2\repository\org\apache\httpcomponents\httpclient\4.5.9\httpclient-4.5.9.jar;C:\Users\bugra\.m2\repository\org\apache\httpcomponents\httpcore\4.4.11\httpcore-4.4.11.jar;C:\Users\bugra\.m2\repository\commons-logging\commons-logging\1.2\commons-logging-1.2.jar;C:\Users\bugra\.m2\repository\commons-codec\commons-codec\1.11\commons-codec-1.11.jar;C:\Users\bugra\.m2\repository\cglib\cglib\3.2.12\cglib-3.2.12.jar;C:\Users\bugra\.m2\repository\org\ow2\asm\asm\7.1\asm-7.1.jar;C:\Users\bugra\.m2\repository\commons-validator\commons-validator\1.6\commons-validator-1.6.jar;C:\Users\bugra\.m2\repository\commons-beanutils\commons-beanutils\1.9.2\commons-beanutils-1.9.2.jar;C:\Users\bugra\.m2\repository\commons-digester\commons-digester\1.8.1\commons-digester-1.8.1.jar;C:\Users\bugra\.m2\repository\commons-collections\commons-collections\3.2.2\commons-collections-3.2.2.jar;C:\Users\bugra\.m2\repository\org\apache\commons\commons-lang3\3.9\commons-lang3-3.9.jar;C:\Users\bugra\.m2\repository\org\springframework\spring-context\5.1.8.RELEASE\spring-context-5.1.8.RELEASE.jar;C:\Users\bugra\.m2\repository\org\springframework\spring-aop\5.1.8.RELEASE\spring-aop-5.1.8.RELEASE.jar;C:\Users\bugra\.m2\repository\org\springframework\spring-beans\5.1.8.RELEASE\spring-beans-5.1.8.RELEASE.jar;C:\Users\bugra\.m2\repository\org\springframework\spring-core\5.1.8.RELEASE\spring-core-5.1.8.RELEASE.jar;C:\Users\bugra\.m2\repository\org\springframework\spring-jcl\5.1.8.RELEASE\spring-jcl-5.1.8.RELEASE.jar;C:\Users\bugra\.m2\repository\org\springframework\spring-expression\5.1.8.RELEASE\spring-expression-5.1.8.RELEASE.jar;C:\Users\bugra\.m2\repository\org\aspectj\aspectjweaver\1.9.4\aspectjweaver-1.9.4.jar;C:\Users\bugra\.m2\repository\org\slf4j\slf4j-api\1.7.30\slf4j-api-1.7.30.jar;C:\Users\bugra\.m2\repository\org\slf4j\slf4j-log4j12\1.7.30\slf4j-log4j12-1.7.30.jar;C:\Users\bugra\.m2\repository\log4j\log4j\1.2.17\log4j-1.2.17.jar
24-10-2024 20:00:05.194 [java] [DEBUG] found java executable in C:\Program Files\Java\jdk-23\bin\java.exe
24-10-2024 20:00:05.194 [java] [DEBUG] running - C:\Program Files\Java\jdk-23\bin\java.exe [-Dfile.encoding=UTF-8 com.thoughtworks.gauge.GaugeRuntime --start]
24-10-2024 20:00:05.194 [java] [DEBUG] stdout/stderr is logged to logs\6324-java.exe.out
24-10-2024 20:00:05.381 [java] [DEBUG] multithreading is set to false
24-10-2024 20:00:05.816 [java] [DEBUG] Using reflection to scan dependencies for gauge implementations...
24-10-2024 20:00:05.989 [java] [ERROR] log4j:WARN No appenders could be found for logger (io.grpc.netty.shaded.io.netty.util.internal.logging.InternalLoggerFactory).
24-10-2024 20:00:05.989 [java] [ERROR] log4j:WARN Please initialize the log4j system properly.
24-10-2024 20:00:05.989 [java] [ERROR] log4j:WARN See http://logging.apache.org/log4j/1.2/faq.html#noconfig for more info.
24-10-2024 20:00:06.490 [java] [DEBUG] gauge-java took 1109milliseconds to load and scan. This should be less than 'runner_connection_timeout' config value.
24-10-2024 20:00:06.490 [java] [DEBUG] run 'gauge config runner_connection_timeout' and verify that it is < 1109
24-10-2024 20:00:06.490 [java] [DEBUG] starting gRPC server...
24-10-2024 20:00:06.674 [java] [DEBUG] started gRPC server on port 51816
24-10-2024 20:00:06.674 [Gauge] [DEBUG] Attempting to connect to grpc server at port: 51816
24-10-2024 20:00:06.679 [Gauge] [DEBUG] Successfully made the connection with runner with port: 51816
24-10-2024 20:00:06.679 [Gauge] [DEBUG] Validation started.
24-10-2024 20:00:08.242 [java] [DEBUG] Scanning packages for steps
24-10-2024 20:00:08.287 [java] [DEBUG] Comparing 'Test.StepImplementation.signInClick' and 'Test.StepImplementation.signInClick'
24-10-2024 20:00:08.287 [java] [DEBUG] Found Giriï¿½ yap Butonuna Tï¿½kla in current project scope.
24-10-2024 20:00:08.288 [java] [DEBUG] Comparing 'Test.StepImplementation.done' and 'Test.StepImplementation.done'
24-10-2024 20:00:08.288 [java] [DEBUG] Found Tamama bas in current project scope.
24-10-2024 20:00:08.288 [java] [DEBUG] Comparing 'Test.StepImplementation.allSports' and 'Test.StepImplementation.allSports'
24-10-2024 20:00:08.288 [java] [DEBUG] Found Tï¿½m sporlar Butonuna tï¿½klandï¿½ in current project scope.
24-10-2024 20:00:08.289 [java] [DEBUG] Comparing 'Test.StepImplementation.passwordFieldClick' and 'Test.StepImplementation.passwordFieldClick'
24-10-2024 20:00:08.289 [java] [DEBUG] Found ï¿½ifre kutusuna basma in current project scope.
24-10-2024 20:00:08.289 [java] [DEBUG] Comparing 'Test.StepImplementation.userlogin' and 'Test.StepImplementation.userlogin'
24-10-2024 20:00:08.289 [java] [DEBUG] Found Check User in current project scope.
24-10-2024 20:00:08.289 [java] [DEBUG] Comparing 'Test.StepImplementation.ecoFligt' and 'Test.StepImplementation.ecoFligt'
24-10-2024 20:00:08.289 [java] [DEBUG] Found Bet Kontrol in current project scope.
24-10-2024 20:00:08.290 [java] [DEBUG] Comparing 'Test.StepImplementation.footPrint' and 'Test.StepImplementation.footPrint'
24-10-2024 20:00:08.290 [java] [DEBUG] Found Parmak ï¿½zi ï¿½zin in current project scope.
24-10-2024 20:00:08.290 [java] [DEBUG] Comparing 'Test.StepImplementation.betEvent' and 'Test.StepImplementation.betEvent'
24-10-2024 20:00:08.290 [java] [DEBUG] Found Bahis Eventi Seï¿½ildi in current project scope.
24-10-2024 20:00:08.291 [java] [DEBUG] Comparing 'Test.StepImplementation.accountNoWrite' and 'Test.StepImplementation.accountNoWrite'
24-10-2024 20:00:08.291 [java] [DEBUG] Found ï¿½ye No kutusuna {} yazï¿½ldï¿½ in current project scope.
24-10-2024 20:00:08.292 [java] [DEBUG] Comparing 'Test.StepImplementation.passwordWrite' and 'Test.StepImplementation.passwordWrite'
24-10-2024 20:00:08.292 [java] [DEBUG] Found ï¿½ifre Kutusuna {} yazï¿½ldï¿½ in current project scope.
24-10-2024 20:00:08.293 [java] [DEBUG] Comparing 'Test.StepImplementation.loginClick' and 'Test.StepImplementation.loginClick'
24-10-2024 20:00:08.293 [java] [DEBUG] Found Giriï¿½ Yap butonuna Tï¿½klandï¿½ in current project scope.
24-10-2024 20:00:08.293 [java] [DEBUG] Comparing 'Test.StepImplementation.volleyball' and 'Test.StepImplementation.volleyball'
24-10-2024 20:00:08.293 [java] [DEBUG] Found Voleybol Seï¿½ildi in current project scope.
24-10-2024 20:00:08.293 [java] [DEBUG] Comparing 'Test.StepImplementation.notifAccept' and 'Test.StepImplementation.notifAccept'
24-10-2024 20:00:08.293 [java] [DEBUG] Found Cookie kapatï¿½ldï¿½ in current project scope.
24-10-2024 20:00:08.293 [java] [DEBUG] Scanning packages for hooks
24-10-2024 20:00:08.309 [java] [DEBUG] Scanned steps (using static parsing + reflections): 
24-10-2024 20:00:08.309 [java] [DEBUG] 	Bahis Eventi Seï¿½ildi : public void betEvent()
24-10-2024 20:00:08.309 [java] [DEBUG] 	Parmak ï¿½zi ï¿½zin : public void footPrint()
24-10-2024 20:00:08.309 [java] [DEBUG] 	Tamama bas : public void done() throws InterruptedException
24-10-2024 20:00:08.309 [java] [DEBUG] 	Check User : public void userlogin() throws InterruptedException
24-10-2024 20:00:08.309 [java] [DEBUG] 	ï¿½ye No kutusuna {} yazï¿½ldï¿½ : public void accountNoWrite(String key)
24-10-2024 20:00:08.309 [java] [DEBUG] 	Cookie kapatï¿½ldï¿½ : public void notifAccept()
24-10-2024 20:00:08.309 [java] [DEBUG] 	ï¿½ifre Kutusuna {} yazï¿½ldï¿½ : public void passwordWrite(String key)
24-10-2024 20:00:08.309 [java] [DEBUG] 	Giriï¿½ Yap butonuna Tï¿½klandï¿½ : public void loginClick()
24-10-2024 20:00:08.309 [java] [DEBUG] 	Bet Kontrol : public void ecoFligt()
24-10-2024 20:00:08.309 [java] [DEBUG] 	ï¿½ifre kutusuna basma : public void passwordFieldClick()
24-10-2024 20:00:08.309 [java] [DEBUG] 	Voleybol Seï¿½ildi : public void volleyball()
24-10-2024 20:00:08.309 [java] [DEBUG] 	Tï¿½m sporlar Butonuna tï¿½klandï¿½ : public void allSports()
24-10-2024 20:00:08.309 [java] [DEBUG] 	Giriï¿½ yap Butonuna Tï¿½kla : public void signInClick()
24-10-2024 20:00:09.625 [Gauge] [DEBUG] Validation completed.
24-10-2024 20:00:09.627 [Gauge] [DEBUG] Run started
24-10-2024 20:00:09.628 [Gauge] [DEBUG] Starting Html Report plugin
24-10-2024 20:00:09.727 [html-report] [DEBUG] Setting MaxRecvMsgSize = 1024 MB
24-10-2024 20:00:09.727 [Gauge] [DEBUG] Attempting to connect to grpc server at port: 51820
24-10-2024 20:00:09.727 [Gauge] [DEBUG] Successfully made the connection with plugin with port: 51820
24-10-2024 20:00:09.727 [Gauge] [DEBUG] Initialising suite data store.
24-10-2024 20:00:09.778 [java] [INFO] !!!!!!!!!!!!!!!!!!!!!!!!!!!Test basliyor!!!!!!!!!!!!!!!!!!!!!!!!!!!!!
24-10-2024 20:00:09.778 [java] [INFO] !!!!!!!!!!!!!!!!!!!!!!!!!!!!!!!!!!!!!!!!!!!!!!!!!!!!!!!!!!!!!!!!!!!!!
24-10-2024 20:00:25.361 [java] [ERROR] Eki 24, 2024 8:00:25 ÖS io.appium.java_client.remote.AppiumCommandExecutor$1 lambda$0
24-10-2024 20:00:25.361 [java] [ERROR] INFO: Detected dialect: W3C
24-10-2024 20:00:25.391 [java] [DEBUG] Executing 'Cookie kapatï¿½ldï¿½' using 'class Test.StepImplementation.notifAccept
24-10-2024 20:00:35.169 [java] [DEBUG] Executing 'Giriï¿½ Yap butonuna Tï¿½klandï¿½' using 'class Test.StepImplementation.loginClick
24-10-2024 20:00:36.918 [java] [DEBUG] Executing 'ï¿½ye No kutusuna {} yazï¿½ldï¿½' using 'class Test.StepImplementation.accountNoWrite
24-10-2024 20:00:38.901 [java] [DEBUG] Executing 'ï¿½ifre kutusuna basma' using 'class Test.StepImplementation.passwordFieldClick
24-10-2024 20:00:40.171 [java] [DEBUG] Executing 'ï¿½ifre Kutusuna {} yazï¿½ldï¿½' using 'class Test.StepImplementation.passwordWrite
24-10-2024 20:00:41.121 [java] [DEBUG] Executing 'Giriï¿½ yap Butonuna Tï¿½kla' using 'class Test.StepImplementation.signInClick
24-10-2024 20:00:42.057 [java] [DEBUG] Executing 'Parmak ï¿½zi ï¿½zin' using 'class Test.StepImplementation.footPrint
24-10-2024 20:00:45.428 [java] [DEBUG] Executing 'Check User' using 'class Test.StepImplementation.userlogin
24-10-2024 20:00:50.023 [java] [INFO] User Giris yapti
24-10-2024 20:00:50.027 [java] [DEBUG] Executing 'Tï¿½m sporlar Butonuna tï¿½klandï¿½' using 'class Test.StepImplementation.allSports
24-10-2024 20:00:50.200 [java] [DEBUG] Executing 'Voleybol Seï¿½ildi' using 'class Test.StepImplementation.volleyball
24-10-2024 20:00:51.614 [java] [DEBUG] Executing 'Bahis Eventi Seï¿½ildi' using 'class Test.StepImplementation.betEvent
24-10-2024 20:00:54.181 [java] [DEBUG] Executing 'Bet Kontrol' using 'class Test.StepImplementation.ecoFligt
24-10-2024 20:00:54.864 [java] [INFO] Seçilen Maçýn Ev Sahibi Metalac Takovo
24-10-2024 20:01:56.595 [html-report] [DEBUG] Transformed SuiteResult to report structure
24-10-2024 20:01:56.663 [html-report] [INFO] Successfully generated html-report to => C:\Users\bugra\OneDrive\Desktop\Bilyoner_UI_Automation\reports\html-report\index.html
24-10-2024 20:01:56.665 [html-report] [DEBUG] Done generating HTML report using theme from C:\Users\bugra\AppData\Roaming\gauge\plugins\html-report\4.3.1\themes\default
24-10-2024 20:01:56.665 [Gauge] [DEBUG] Sending kill message to Html Report plugin.
24-10-2024 20:01:56.669 [java] [DEBUG] Killing Java runner...
24-10-2024 20:01:56.669 [java] [DEBUG] Stopping execution pool...
24-10-2024 20:01:56.669 [java] [DEBUG] Shutting down grpc server...
24-10-2024 20:01:56.676 [Gauge] [INFO] Specifications:	1 executed	0 passed	1 failed	0 skipped
24-10-2024 20:01:56.676 [Gauge] [INFO] Scenarios:	1 executed	0 passed	1 failed	0 skipped
24-10-2024 20:01:56.677 [Gauge] [INFO] 
Total time taken: 1m46.966s
24-10-2024 20:18:15.441 [Gauge] [DEBUG] Created gauge_screenshots_dir at C:\Users\bugra\OneDrive\Desktop\Bilyoner_UI_Automation\.gauge\screenshots
24-10-2024 20:18:15.444 [Gauge] [DEBUG] Plugin java is already installed.
24-10-2024 20:18:15.445 [Gauge] [DEBUG] Plugin html-report is already installed.
24-10-2024 20:18:15.446 [Gauge] [DEBUG] Parsing started.
24-10-2024 20:18:15.446 [Gauge] [DEBUG] Started concepts parsing.
24-10-2024 20:18:15.453 [Gauge] [DEBUG] 0 concepts parsing completed.
24-10-2024 20:18:15.454 [Gauge] [DEBUG] Started specifications parsing.
24-10-2024 20:18:15.455 [Gauge] [DEBUG] 1 specifications parsing completed.
24-10-2024 20:18:15.455 [Gauge] [DEBUG] Parsing completed.
24-10-2024 20:18:15.478 [java] [DEBUG] ***** Printing Properties/Env Values *****
24-10-2024 20:18:15.478 [java] [DEBUG] PATH: C:\Program Files (x86)\Common Files\Oracle\Java\java8path;C:\Program Files (x86)\Common Files\Oracle\Java\javapath;C:\WINDOWS\system32;C:\WINDOWS;C:\WINDOWS\System32\Wbem;C:\WINDOWS\System32\WindowsPowerShell\v1.0\;C:\WINDOWS\System32\OpenSSH\;C:\Program Files\Cloudflare\Cloudflare WARP\;C:\Program Files\nodejs\;C:\Program Files\Gauge\bin;C:\Program Files\Git\cmd;C:\Program Files\Java\jdk-23;C:\Users\bugra\AppData\Local\Android\Sdk;C:\Users\bugra\AppData\Local\Android\Sdk\tools;C:\Users\bugra\AppData\Local\Android\Sdk\platform-tools;C:\Users\bugra\AppData\Local\Microsoft\WindowsApps;C:\Users\bugra\AppData\Local\Programs\Microsoft VS Code\bin;C:\Users\bugra\AppData\Roaming\npm;C:\Program Files\JetBrains\IntelliJ IDEA Community Edition 2024.2.3\bin;;C:\Program Files\apache-maven-3.9.9\bin;;C:\Users\bugra\AppData\Roaming\gauge\plugins\screenshot\0.3.0
24-10-2024 20:18:15.478 [java] [DEBUG] JAVA_HOME: C:\Program Files\Java\jdk-23
24-10-2024 20:18:15.478 [java] [DEBUG] gauge_project_root: C:\Users\bugra\OneDrive\Desktop\Bilyoner_UI_Automation
24-10-2024 20:18:15.478 [java] [DEBUG] gauge_parallel_streams_count: 12
24-10-2024 20:18:15.478 [java] [DEBUG] gauge_reports_dir: reports
24-10-2024 20:18:15.478 [java] [DEBUG] overwrite_reports: true
24-10-2024 20:18:15.478 [java] [DEBUG] logs_directory: logs
24-10-2024 20:18:15.478 [java] [DEBUG] enable_multithreading: 
24-10-2024 20:18:15.478 [java] [DEBUG] gauge_specs_dir: specs
24-10-2024 20:18:15.478 [java] [DEBUG] csv_delimiter: ,
24-10-2024 20:18:15.478 [java] [DEBUG] gauge_java_home: 
24-10-2024 20:18:15.478 [java] [DEBUG] gauge_custom_build_path: 
24-10-2024 20:18:15.478 [java] [DEBUG] gauge_additional_libs: libs/*
24-10-2024 20:18:15.478 [java] [DEBUG] gauge_jvm_args: 
24-10-2024 20:18:15.478 [java] [DEBUG] gauge_custom_compile_dir: 
24-10-2024 20:18:15.478 [java] [DEBUG] gauge_clear_state_level: scenario
24-10-2024 20:18:15.478 [java] [DEBUG] ***** END *****
24-10-2024 20:18:16.317 [Gauge] [DEBUG] Checking updates...
24-10-2024 20:18:16.319 [Gauge] [DEBUG] Downloading https://downloads.gauge.org/plugin/html-report?l=java&p=html-report,java,screenshot&o=windows&a=amd64
24-10-2024 20:18:16.773 [Gauge] [DEBUG] Downloading https://downloads.gauge.org/plugin/java?l=java&p=html-report,java,screenshot&o=windows&a=amd64
24-10-2024 20:18:16.901 [Gauge] [DEBUG] Downloading https://downloads.gauge.org/plugin/screenshot?l=java&p=html-report,java,screenshot&o=windows&a=amd64
24-10-2024 20:18:19.380 [java] [ERROR] Installed version of gauge-java (0.11.1) does not match with dependency gauge-java (0.7.15) specified in pom.xml file
24-10-2024 20:18:19.381 [java] [DEBUG] classpath set to C:\Users\bugra\.jdks\corretto-18.0.2!\java.base;C:\Users\bugra\.jdks\corretto-18.0.2!\java.compiler;C:\Users\bugra\.jdks\corretto-18.0.2!\java.datatransfer;C:\Users\bugra\.jdks\corretto-18.0.2!\java.desktop;C:\Users\bugra\.jdks\corretto-18.0.2!\java.instrument;C:\Users\bugra\.jdks\corretto-18.0.2!\java.logging;C:\Users\bugra\.jdks\corretto-18.0.2!\java.management;C:\Users\bugra\.jdks\corretto-18.0.2!\java.management.rmi;C:\Users\bugra\.jdks\corretto-18.0.2!\java.naming;C:\Users\bugra\.jdks\corretto-18.0.2!\java.net.http;C:\Users\bugra\.jdks\corretto-18.0.2!\java.prefs;C:\Users\bugra\.jdks\corretto-18.0.2!\java.rmi;C:\Users\bugra\.jdks\corretto-18.0.2!\java.scripting;C:\Users\bugra\.jdks\corretto-18.0.2!\java.se;C:\Users\bugra\.jdks\corretto-18.0.2!\java.security.jgss;C:\Users\bugra\.jdks\corretto-18.0.2!\java.security.sasl;C:\Users\bugra\.jdks\corretto-18.0.2!\java.smartcardio;C:\Users\bugra\.jdks\corretto-18.0.2!\java.sql;C:\Users\bugra\.jdks\corretto-18.0.2!\java.sql.rowset;C:\Users\bugra\.jdks\corretto-18.0.2!\java.transaction.xa;C:\Users\bugra\.jdks\corretto-18.0.2!\java.xml;C:\Users\bugra\.jdks\corretto-18.0.2!\java.xml.crypto;C:\Users\bugra\.jdks\corretto-18.0.2!\jdk.accessibility;C:\Users\bugra\.jdks\corretto-18.0.2!\jdk.attach;C:\Users\bugra\.jdks\corretto-18.0.2!\jdk.charsets;C:\Users\bugra\.jdks\corretto-18.0.2!\jdk.compiler;C:\Users\bugra\.jdks\corretto-18.0.2!\jdk.crypto.cryptoki;C:\Users\bugra\.jdks\corretto-18.0.2!\jdk.crypto.ec;C:\Users\bugra\.jdks\corretto-18.0.2!\jdk.crypto.mscapi;C:\Users\bugra\.jdks\corretto-18.0.2!\jdk.dynalink;C:\Users\bugra\.jdks\corretto-18.0.2!\jdk.editpad;C:\Users\bugra\.jdks\corretto-18.0.2!\jdk.hotspot.agent;C:\Users\bugra\.jdks\corretto-18.0.2!\jdk.httpserver;C:\Users\bugra\.jdks\corretto-18.0.2!\jdk.incubator.foreign;C:\Users\bugra\.jdks\corretto-18.0.2!\jdk.incubator.vector;C:\Users\bugra\.jdks\corretto-18.0.2!\jdk.internal.ed;C:\Users\bugra\.jdks\corretto-18.0.2!\jdk.internal.jvmstat;C:\Users\bugra\.jdks\corretto-18.0.2!\jdk.internal.le;C:\Users\bugra\.jdks\corretto-18.0.2!\jdk.internal.opt;C:\Users\bugra\.jdks\corretto-18.0.2!\jdk.internal.vm.ci;C:\Users\bugra\.jdks\corretto-18.0.2!\jdk.internal.vm.compiler;C:\Users\bugra\.jdks\corretto-18.0.2!\jdk.internal.vm.compiler.management;C:\Users\bugra\.jdks\corretto-18.0.2!\jdk.jartool;C:\Users\bugra\.jdks\corretto-18.0.2!\jdk.javadoc;C:\Users\bugra\.jdks\corretto-18.0.2!\jdk.jcmd;C:\Users\bugra\.jdks\corretto-18.0.2!\jdk.jconsole;C:\Users\bugra\.jdks\corretto-18.0.2!\jdk.jdeps;C:\Users\bugra\.jdks\corretto-18.0.2!\jdk.jdi;C:\Users\bugra\.jdks\corretto-18.0.2!\jdk.jdwp.agent;C:\Users\bugra\.jdks\corretto-18.0.2!\jdk.jfr;C:\Users\bugra\.jdks\corretto-18.0.2!\jdk.jlink;C:\Users\bugra\.jdks\corretto-18.0.2!\jdk.jpackage;C:\Users\bugra\.jdks\corretto-18.0.2!\jdk.jshell;C:\Users\bugra\.jdks\corretto-18.0.2!\jdk.jsobject;C:\Users\bugra\.jdks\corretto-18.0.2!\jdk.jstatd;C:\Users\bugra\.jdks\corretto-18.0.2!\jdk.localedata;C:\Users\bugra\.jdks\corretto-18.0.2!\jdk.management;C:\Users\bugra\.jdks\corretto-18.0.2!\jdk.management.agent;C:\Users\bugra\.jdks\corretto-18.0.2!\jdk.management.jfr;C:\Users\bugra\.jdks\corretto-18.0.2!\jdk.naming.dns;C:\Users\bugra\.jdks\corretto-18.0.2!\jdk.naming.rmi;C:\Users\bugra\.jdks\corretto-18.0.2!\jdk.net;C:\Users\bugra\.jdks\corretto-18.0.2!\jdk.nio.mapmode;C:\Users\bugra\.jdks\corretto-18.0.2!\jdk.random;C:\Users\bugra\.jdks\corretto-18.0.2!\jdk.sctp;C:\Users\bugra\.jdks\corretto-18.0.2!\jdk.security.auth;C:\Users\bugra\.jdks\corretto-18.0.2!\jdk.security.jgss;C:\Users\bugra\.jdks\corretto-18.0.2!\jdk.unsupported;C:\Users\bugra\.jdks\corretto-18.0.2!\jdk.unsupported.desktop;C:\Users\bugra\.jdks\corretto-18.0.2!\jdk.xml.dom;C:\Users\bugra\.jdks\corretto-18.0.2!\jdk.zipfs;C:\Users\bugra\OneDrive\Desktop\Bilyoner_UI_Automation\target\test-classes;C:\Users\bugra\OneDrive\Desktop\Bilyoner_UI_Automation\target\classes;C:\Users\bugra\.m2\repository\com\thoughtworks\gauge\gauge-java\0.7.15\gauge-java-0.7.15.jar;C:\Users\bugra\.m2\repository\org\assertj\assertj-core\3.19.0\assertj-core-3.19.0.jar;C:\Users\bugra\.m2\repository\org\reflections\reflections\0.9.9\reflections-0.9.9.jar;C:\Users\bugra\.m2\repository\org\javassist\javassist\3.18.2-GA\javassist-3.18.2-GA.jar;C:\Users\bugra\.m2\repository\com\google\code\findbugs\annotations\2.0.1\annotations-2.0.1.jar;C:\Users\bugra\.m2\repository\com\github\javaparser\javaparser-core\3.16.3\javaparser-core-3.16.3.jar;C:\Users\bugra\.m2\repository\commons-io\commons-io\2.8.0\commons-io-2.8.0.jar;C:\Users\bugra\.m2\repository\commons-lang\commons-lang\2.6\commons-lang-2.6.jar;C:\Users\bugra\.m2\repository\org\json\json\20210307\json-20210307.jar;C:\Users\bugra\.m2\repository\com\google\protobuf\protobuf-java\3.15.8\protobuf-java-3.15.8.jar;C:\Users\bugra\.m2\repository\com\google\guava\guava\30.1.1-jre\guava-30.1.1-jre.jar;C:\Users\bugra\.m2\repository\com\google\guava\failureaccess\1.0.1\failureaccess-1.0.1.jar;C:\Users\bugra\.m2\repository\com\google\guava\listenablefuture\9999.0-empty-to-avoid-conflict-with-guava\listenablefuture-9999.0-empty-to-avoid-conflict-with-guava.jar;C:\Users\bugra\.m2\repository\com\google\code\findbugs\jsr305\3.0.2\jsr305-3.0.2.jar;C:\Users\bugra\.m2\repository\org\checkerframework\checker-qual\3.8.0\checker-qual-3.8.0.jar;C:\Users\bugra\.m2\repository\com\google\errorprone\error_prone_annotations\2.5.1\error_prone_annotations-2.5.1.jar;C:\Users\bugra\.m2\repository\com\google\j2objc\j2objc-annotations\1.3\j2objc-annotations-1.3.jar;C:\Users\bugra\.m2\repository\io\grpc\grpc-netty-shaded\1.37.0\grpc-netty-shaded-1.37.0.jar;C:\Users\bugra\.m2\repository\io\grpc\grpc-core\1.37.0\grpc-core-1.37.0.jar;C:\Users\bugra\.m2\repository\com\google\android\annotations\4.1.1.4\annotations-4.1.1.4.jar;C:\Users\bugra\.m2\repository\io\perfmark\perfmark-api\0.23.0\perfmark-api-0.23.0.jar;C:\Users\bugra\.m2\repository\io\grpc\grpc-protobuf\1.37.0\grpc-protobuf-1.37.0.jar;C:\Users\bugra\.m2\repository\io\grpc\grpc-api\1.37.0\grpc-api-1.37.0.jar;C:\Users\bugra\.m2\repository\io\grpc\grpc-context\1.37.0\grpc-context-1.37.0.jar;C:\Users\bugra\.m2\repository\com\google\api\grpc\proto-google-common-protos\2.0.1\proto-google-common-protos-2.0.1.jar;C:\Users\bugra\.m2\repository\io\grpc\grpc-protobuf-lite\1.37.0\grpc-protobuf-lite-1.37.0.jar;C:\Users\bugra\.m2\repository\org\codehaus\mojo\animal-sniffer-annotations\1.19\animal-sniffer-annotations-1.19.jar;C:\Users\bugra\.m2\repository\io\grpc\grpc-stub\1.37.0\grpc-stub-1.37.0.jar;C:\Users\bugra\.m2\repository\javax\annotation\javax.annotation-api\1.3.2\javax.annotation-api-1.3.2.jar;C:\Users\bugra\.m2\repository\junit\junit\4.12\junit-4.12.jar;C:\Users\bugra\.m2\repository\org\hamcrest\hamcrest-core\1.3\hamcrest-core-1.3.jar;C:\Users\bugra\.m2\repository\io\appium\java-client\7.3.0\java-client-7.3.0.jar;C:\Users\bugra\.m2\repository\org\seleniumhq\selenium\selenium-java\3.141.59\selenium-java-3.141.59.jar;C:\Users\bugra\.m2\repository\org\seleniumhq\selenium\selenium-chrome-driver\3.141.59\selenium-chrome-driver-3.141.59.jar;C:\Users\bugra\.m2\repository\org\seleniumhq\selenium\selenium-edge-driver\3.141.59\selenium-edge-driver-3.141.59.jar;C:\Users\bugra\.m2\repository\org\seleniumhq\selenium\selenium-firefox-driver\3.141.59\selenium-firefox-driver-3.141.59.jar;C:\Users\bugra\.m2\repository\org\seleniumhq\selenium\selenium-ie-driver\3.141.59\selenium-ie-driver-3.141.59.jar;C:\Users\bugra\.m2\repository\org\seleniumhq\selenium\selenium-opera-driver\3.141.59\selenium-opera-driver-3.141.59.jar;C:\Users\bugra\.m2\repository\org\seleniumhq\selenium\selenium-remote-driver\3.141.59\selenium-remote-driver-3.141.59.jar;C:\Users\bugra\.m2\repository\org\seleniumhq\selenium\selenium-safari-driver\3.141.59\selenium-safari-driver-3.141.59.jar;C:\Users\bugra\.m2\repository\net\bytebuddy\byte-buddy\1.8.15\byte-buddy-1.8.15.jar;C:\Users\bugra\.m2\repository\org\apache\commons\commons-exec\1.3\commons-exec-1.3.jar;C:\Users\bugra\.m2\repository\com\squareup\okhttp3\okhttp\3.11.0\okhttp-3.11.0.jar;C:\Users\bugra\.m2\repository\com\squareup\okio\okio\1.14.0\okio-1.14.0.jar;C:\Users\bugra\.m2\repository\org\seleniumhq\selenium\selenium-support\3.141.59\selenium-support-3.141.59.jar;C:\Users\bugra\.m2\repository\org\seleniumhq\selenium\selenium-api\3.141.59\selenium-api-3.141.59.jar;C:\Users\bugra\.m2\repository\com\google\code\gson\gson\2.8.5\gson-2.8.5.jar;C:\Users\bugra\.m2\repository\org\apache\httpcomponents\httpclient\4.5.9\httpclient-4.5.9.jar;C:\Users\bugra\.m2\repository\org\apache\httpcomponents\httpcore\4.4.11\httpcore-4.4.11.jar;C:\Users\bugra\.m2\repository\commons-logging\commons-logging\1.2\commons-logging-1.2.jar;C:\Users\bugra\.m2\repository\commons-codec\commons-codec\1.11\commons-codec-1.11.jar;C:\Users\bugra\.m2\repository\cglib\cglib\3.2.12\cglib-3.2.12.jar;C:\Users\bugra\.m2\repository\org\ow2\asm\asm\7.1\asm-7.1.jar;C:\Users\bugra\.m2\repository\commons-validator\commons-validator\1.6\commons-validator-1.6.jar;C:\Users\bugra\.m2\repository\commons-beanutils\commons-beanutils\1.9.2\commons-beanutils-1.9.2.jar;C:\Users\bugra\.m2\repository\commons-digester\commons-digester\1.8.1\commons-digester-1.8.1.jar;C:\Users\bugra\.m2\repository\commons-collections\commons-collections\3.2.2\commons-collections-3.2.2.jar;C:\Users\bugra\.m2\repository\org\apache\commons\commons-lang3\3.9\commons-lang3-3.9.jar;C:\Users\bugra\.m2\repository\org\springframework\spring-context\5.1.8.RELEASE\spring-context-5.1.8.RELEASE.jar;C:\Users\bugra\.m2\repository\org\springframework\spring-aop\5.1.8.RELEASE\spring-aop-5.1.8.RELEASE.jar;C:\Users\bugra\.m2\repository\org\springframework\spring-beans\5.1.8.RELEASE\spring-beans-5.1.8.RELEASE.jar;C:\Users\bugra\.m2\repository\org\springframework\spring-core\5.1.8.RELEASE\spring-core-5.1.8.RELEASE.jar;C:\Users\bugra\.m2\repository\org\springframework\spring-jcl\5.1.8.RELEASE\spring-jcl-5.1.8.RELEASE.jar;C:\Users\bugra\.m2\repository\org\springframework\spring-expression\5.1.8.RELEASE\spring-expression-5.1.8.RELEASE.jar;C:\Users\bugra\.m2\repository\org\aspectj\aspectjweaver\1.9.4\aspectjweaver-1.9.4.jar;C:\Users\bugra\.m2\repository\org\slf4j\slf4j-api\1.7.30\slf4j-api-1.7.30.jar;C:\Users\bugra\.m2\repository\org\slf4j\slf4j-log4j12\1.7.30\slf4j-log4j12-1.7.30.jar;C:\Users\bugra\.m2\repository\log4j\log4j\1.2.17\log4j-1.2.17.jar
24-10-2024 20:18:19.401 [java] [DEBUG] found java executable in C:\Program Files\Java\jdk-23\bin\java.exe
24-10-2024 20:18:19.401 [java] [DEBUG] running - C:\Program Files\Java\jdk-23\bin\java.exe [-Dfile.encoding=UTF-8 com.thoughtworks.gauge.GaugeRuntime --start]
24-10-2024 20:18:19.401 [java] [DEBUG] stdout/stderr is logged to logs\20884-java.exe.out
24-10-2024 20:18:19.573 [java] [DEBUG] multithreading is set to false
24-10-2024 20:18:19.862 [java] [DEBUG] Using reflection to scan dependencies for gauge implementations...
24-10-2024 20:18:19.954 [java] [ERROR] log4j:WARN No appenders could be found for logger (io.grpc.netty.shaded.io.netty.util.internal.logging.InternalLoggerFactory).
24-10-2024 20:18:19.955 [java] [ERROR] log4j:WARN Please initialize the log4j system properly.
24-10-2024 20:18:19.955 [java] [ERROR] log4j:WARN See http://logging.apache.org/log4j/1.2/faq.html#noconfig for more info.
24-10-2024 20:18:20.302 [java] [DEBUG] gauge-java took 729milliseconds to load and scan. This should be less than 'runner_connection_timeout' config value.
24-10-2024 20:18:20.302 [java] [DEBUG] run 'gauge config runner_connection_timeout' and verify that it is < 729
24-10-2024 20:18:20.302 [java] [DEBUG] starting gRPC server...
24-10-2024 20:18:20.410 [java] [DEBUG] started gRPC server on port 52643
24-10-2024 20:18:20.410 [Gauge] [DEBUG] Attempting to connect to grpc server at port: 52643
24-10-2024 20:18:20.412 [Gauge] [DEBUG] Successfully made the connection with runner with port: 52643
24-10-2024 20:18:20.412 [Gauge] [DEBUG] Validation started.
24-10-2024 20:18:21.335 [java] [DEBUG] Scanning packages for steps
24-10-2024 20:18:21.361 [java] [DEBUG] Comparing 'Test.StepImplementation.signInClick' and 'Test.StepImplementation.signInClick'
24-10-2024 20:18:21.361 [java] [DEBUG] Found Giriï¿½ yap Butonuna Tï¿½kla in current project scope.
24-10-2024 20:18:21.361 [java] [DEBUG] Comparing 'Test.StepImplementation.done' and 'Test.StepImplementation.done'
24-10-2024 20:18:21.361 [java] [DEBUG] Found Tamama bas in current project scope.
24-10-2024 20:18:21.362 [java] [DEBUG] Comparing 'Test.StepImplementation.allSports' and 'Test.StepImplementation.allSports'
24-10-2024 20:18:21.362 [java] [DEBUG] Found Tï¿½m sporlar Butonuna tï¿½klandï¿½ in current project scope.
24-10-2024 20:18:21.362 [java] [DEBUG] Comparing 'Test.StepImplementation.passwordFieldClick' and 'Test.StepImplementation.passwordFieldClick'
24-10-2024 20:18:21.362 [java] [DEBUG] Found ï¿½ifre kutusuna basma in current project scope.
24-10-2024 20:18:21.362 [java] [DEBUG] Comparing 'Test.StepImplementation.userlogin' and 'Test.StepImplementation.userlogin'
24-10-2024 20:18:21.362 [java] [DEBUG] Found Check User in current project scope.
24-10-2024 20:18:21.362 [java] [DEBUG] Comparing 'Test.StepImplementation.ecoFligt' and 'Test.StepImplementation.ecoFligt'
24-10-2024 20:18:21.362 [java] [DEBUG] Found Bet Kontrol in current project scope.
24-10-2024 20:18:21.362 [java] [DEBUG] Comparing 'Test.StepImplementation.footPrint' and 'Test.StepImplementation.footPrint'
24-10-2024 20:18:21.362 [java] [DEBUG] Found Parmak ï¿½zi ï¿½zin in current project scope.
24-10-2024 20:18:21.363 [java] [DEBUG] Comparing 'Test.StepImplementation.betEvent' and 'Test.StepImplementation.betEvent'
24-10-2024 20:18:21.363 [java] [DEBUG] Found Bahis Eventi Seï¿½ildi in current project scope.
24-10-2024 20:18:21.363 [java] [DEBUG] Comparing 'Test.StepImplementation.accountNoWrite' and 'Test.StepImplementation.accountNoWrite'
24-10-2024 20:18:21.363 [java] [DEBUG] Found ï¿½ye No kutusuna {} yazï¿½ldï¿½ in current project scope.
24-10-2024 20:18:21.363 [java] [DEBUG] Comparing 'Test.StepImplementation.passwordWrite' and 'Test.StepImplementation.passwordWrite'
24-10-2024 20:18:21.363 [java] [DEBUG] Found ï¿½ifre Kutusuna {} yazï¿½ldï¿½ in current project scope.
24-10-2024 20:18:21.363 [java] [DEBUG] Comparing 'Test.StepImplementation.loginClick' and 'Test.StepImplementation.loginClick'
24-10-2024 20:18:21.363 [java] [DEBUG] Found Giriï¿½ Yap butonuna Tï¿½klandï¿½ in current project scope.
24-10-2024 20:18:21.363 [java] [DEBUG] Comparing 'Test.StepImplementation.volleyball' and 'Test.StepImplementation.volleyball'
24-10-2024 20:18:21.363 [java] [DEBUG] Found Voleybol Seï¿½ildi in current project scope.
24-10-2024 20:18:21.363 [java] [DEBUG] Comparing 'Test.StepImplementation.notifAccept' and 'Test.StepImplementation.notifAccept'
24-10-2024 20:18:21.363 [java] [DEBUG] Found Cookie kapatï¿½ldï¿½ in current project scope.
24-10-2024 20:18:21.364 [java] [DEBUG] Scanning packages for hooks
24-10-2024 20:18:21.373 [java] [DEBUG] Scanned steps (using static parsing + reflections): 
24-10-2024 20:18:21.373 [java] [DEBUG] 	Bahis Eventi Seï¿½ildi : public void betEvent()
24-10-2024 20:18:21.373 [java] [DEBUG] 	Parmak ï¿½zi ï¿½zin : public void footPrint()
24-10-2024 20:18:21.373 [java] [DEBUG] 	Tamama bas : public void done() throws InterruptedException
24-10-2024 20:18:21.373 [java] [DEBUG] 	Check User : public void userlogin() throws InterruptedException
24-10-2024 20:18:21.373 [java] [DEBUG] 	ï¿½ye No kutusuna {} yazï¿½ldï¿½ : public void accountNoWrite(String key)
24-10-2024 20:18:21.373 [java] [DEBUG] 	Cookie kapatï¿½ldï¿½ : public void notifAccept()
24-10-2024 20:18:21.373 [java] [DEBUG] 	ï¿½ifre Kutusuna {} yazï¿½ldï¿½ : public void passwordWrite(String key)
24-10-2024 20:18:21.373 [java] [DEBUG] 	Giriï¿½ Yap butonuna Tï¿½klandï¿½ : public void loginClick()
24-10-2024 20:18:21.373 [java] [DEBUG] 	Bet Kontrol : public void ecoFligt()
24-10-2024 20:18:21.373 [java] [DEBUG] 	ï¿½ifre kutusuna basma : public void passwordFieldClick()
24-10-2024 20:18:21.373 [java] [DEBUG] 	Voleybol Seï¿½ildi : public void volleyball()
24-10-2024 20:18:21.373 [java] [DEBUG] 	Tï¿½m sporlar Butonuna tï¿½klandï¿½ : public void allSports()
24-10-2024 20:18:21.373 [java] [DEBUG] 	Giriï¿½ yap Butonuna Tï¿½kla : public void signInClick()
24-10-2024 20:18:22.287 [Gauge] [DEBUG] Validation completed.
24-10-2024 20:18:22.288 [Gauge] [DEBUG] Run started
24-10-2024 20:18:22.289 [Gauge] [DEBUG] Starting Html Report plugin
24-10-2024 20:18:22.311 [html-report] [DEBUG] Setting MaxRecvMsgSize = 1024 MB
24-10-2024 20:18:22.312 [Gauge] [DEBUG] Attempting to connect to grpc server at port: 52646
24-10-2024 20:18:22.312 [Gauge] [DEBUG] Successfully made the connection with plugin with port: 52646
24-10-2024 20:18:22.312 [Gauge] [DEBUG] Initialising suite data store.
24-10-2024 20:18:22.342 [java] [INFO] !!!!!!!!!!!!!!!!!!!!!!!!!!!Test basliyor!!!!!!!!!!!!!!!!!!!!!!!!!!!!!
24-10-2024 20:18:22.342 [java] [INFO] !!!!!!!!!!!!!!!!!!!!!!!!!!!!!!!!!!!!!!!!!!!!!!!!!!!!!!!!!!!!!!!!!!!!!
24-10-2024 20:18:31.646 [java] [ERROR] Eki 24, 2024 8:18:31 ÖS io.appium.java_client.remote.AppiumCommandExecutor$1 lambda$0
24-10-2024 20:18:31.646 [java] [ERROR] INFO: Detected dialect: W3C
24-10-2024 20:18:31.673 [java] [DEBUG] Executing 'Cookie kapatï¿½ldï¿½' using 'class Test.StepImplementation.notifAccept
24-10-2024 20:18:41.736 [java] [DEBUG] Executing 'Giriï¿½ Yap butonuna Tï¿½klandï¿½' using 'class Test.StepImplementation.loginClick
24-10-2024 20:18:43.483 [java] [DEBUG] Executing 'ï¿½ye No kutusuna {} yazï¿½ldï¿½' using 'class Test.StepImplementation.accountNoWrite
24-10-2024 20:18:45.075 [java] [DEBUG] Executing 'ï¿½ifre kutusuna basma' using 'class Test.StepImplementation.passwordFieldClick
24-10-2024 20:18:45.830 [java] [DEBUG] Executing 'ï¿½ifre Kutusuna {} yazï¿½ldï¿½' using 'class Test.StepImplementation.passwordWrite
24-10-2024 20:18:46.592 [java] [DEBUG] Executing 'Giriï¿½ yap Butonuna Tï¿½kla' using 'class Test.StepImplementation.signInClick
24-10-2024 20:18:47.345 [java] [DEBUG] Executing 'Parmak ï¿½zi ï¿½zin' using 'class Test.StepImplementation.footPrint
24-10-2024 20:18:49.561 [java] [DEBUG] Executing 'Check User' using 'class Test.StepImplementation.userlogin
24-10-2024 20:18:54.958 [java] [INFO] User Giris yapti
24-10-2024 20:18:54.964 [java] [DEBUG] Executing 'Tï¿½m sporlar Butonuna tï¿½klandï¿½' using 'class Test.StepImplementation.allSports
24-10-2024 20:18:56.911 [java] [DEBUG] Executing 'Voleybol Seï¿½ildi' using 'class Test.StepImplementation.volleyball
24-10-2024 20:18:57.097 [java] [DEBUG] Executing 'Bahis Eventi Seï¿½ildi' using 'class Test.StepImplementation.betEvent
24-10-2024 20:19:00.211 [java] [INFO] Ilk Secenek oynanabilir Degil. MS1 Secildi
24-10-2024 20:19:00.220 [java] [DEBUG] Executing 'Bet Kontrol' using 'class Test.StepImplementation.ecoFligt
24-10-2024 20:19:01.496 [java] [INFO] Secilen Macin Ev Sahibi Metalac Takovo
24-10-2024 20:19:03.638 [java] [INFO] Bet Secildi Metalac Takovo - Kýzýl Yýldýz
24-10-2024 20:19:04.138 [html-report] [DEBUG] Transformed SuiteResult to report structure
24-10-2024 20:19:04.164 [html-report] [INFO] Successfully generated html-report to => C:\Users\bugra\OneDrive\Desktop\Bilyoner_UI_Automation\reports\html-report\index.html
24-10-2024 20:19:04.165 [html-report] [DEBUG] Done generating HTML report using theme from C:\Users\bugra\AppData\Roaming\gauge\plugins\html-report\4.3.1\themes\default
24-10-2024 20:19:04.165 [Gauge] [DEBUG] Sending kill message to Html Report plugin.
24-10-2024 20:19:04.167 [java] [DEBUG] Killing Java runner...
24-10-2024 20:19:04.168 [java] [DEBUG] Stopping execution pool...
24-10-2024 20:19:04.168 [java] [DEBUG] Shutting down grpc server...
24-10-2024 20:19:04.174 [Gauge] [INFO] Specifications:	1 executed	1 passed	0 failed	0 skipped
24-10-2024 20:19:04.174 [Gauge] [INFO] Scenarios:	1 executed	1 passed	0 failed	0 skipped
24-10-2024 20:19:04.174 [Gauge] [INFO] 
Total time taken: 41.847s
